<?xml version="1.0" encoding="UTF-8"?>
<!-- Generated by org.testng.reporters.JUnitXMLReporter -->
<testsuite ignored="0" hostname="Haariss-MacBook-Pro.local" failures="0" tests="2" name="Surefire test" time="0.086" errors="0" timestamp="2020-12-16T16:32:17 GMT">
  <testcase classname="comon.thg.accelerator.week2_exercise.max_heap.MaxHeapTest" name="testValidMaxHeap on testValidMaxHeap(comon.thg.accelerator.week2_exercise.max_heap.MaxHeapTest)" time="0.018"/>
  <testcase classname="comon.thg.accelerator.week2_exercise.FooTest" name="isJavaFun on isJavaFun(comon.thg.accelerator.week2_exercise.FooTest)" time="0.0"/>
</testsuite> <!-- Surefire test -->
