<?xml version="1.0" encoding="UTF-8"?>
<testsuite xmlns:xsi="http://www.w3.org/2001/XMLSchema-instance" xsi:noNamespaceSchemaLocation="https://maven.apache.org/surefire/maven-surefire-plugin/xsd/surefire-test-report.xsd" name="TestSuite" time="0.524" tests="2" errors="0" skipped="0" failures="0">
  <properties>
[...]
</properties>
  <testcase name="testValidMaxHeap on testValidMaxHeap(comon.thg.accelerator.week2_exercise.max_heap.MaxHeapTest)" classname="comon.thg.accelerator.week2_exercise.max_heap.MaxHeapTest" time="0.021"/>
  <testcase name="isJavaFun on isJavaFun(comon.thg.accelerator.week2_exercise.FooTest)" classname="comon.thg.accelerator.week2_exercise.FooTest" time="0"/>
</testsuite>