<?xml version="1.0" encoding="UTF-8"?>
<testng-results ignored="0" total="2" passed="2" failed="0" skipped="0">
  <reporter-output>
  </reporter-output>
  <suite started-at="2020-12-16T16:32:16 GMT" name="Surefire suite" finished-at="2020-12-16T16:32:16 GMT" duration-ms="86">
    <groups>
    </groups>
    <test started-at="2020-12-16T16:32:16 GMT" name="Surefire test" finished-at="2020-12-16T16:32:16 GMT" duration-ms="86">
      <class name="comon.thg.accelerator.week2_exercise.max_heap.MaxHeapTest">
        <test-method signature="testValidMaxHeap()" started-at="2020-12-16T16:32:16 GMT" name="testValidMaxHeap" finished-at="2020-12-16T16:32:16 GMT" duration-ms="18" status="PASS">
          <reporter-output>
          </reporter-output>
        </test-method> <!-- testValidMaxHeap -->
      </class> <!-- comon.thg.accelerator.week2_exercise.max_heap.MaxHeapTest -->
      <class name="comon.thg.accelerator.week2_exercise.FooTest">
        <test-method signature="isJavaFun()" started-at="2020-12-16T16:32:16 GMT" name="isJavaFun" finished-at="2020-12-16T16:32:16 GMT" duration-ms="0" status="PASS">
          <reporter-output>
          </reporter-output>
        </test-method> <!-- isJavaFun -->
      </class> <!-- comon.thg.accelerator.week2_exercise.FooTest -->
    </test> <!-- Surefire test -->
  </suite> <!-- Surefire suite -->
</testng-results>
